<?xml version="1.0" encoding="UTF-8"?>
<!-- Generated by org.testng.reporters.JUnitReportReporter -->
<testsuite hostname="Reena" failures="0" tests="8" name="com.Intelivita.TestCases.TC_ContactUs_Positive002" time="2.514" errors="0" timestamp="2023-03-03T17:08:10 IST" skipped="0">
  <testcase classname="com.Intelivita.TestCases.TC_ContactUs_Positive002" name="scroll" time="0.001"/>
  <system-out/>
  <testcase classname="com.Intelivita.TestCases.TC_ContactUs_Positive002" name="AddYourNameTest" time="0.084"/>
  <system-out/>
  <testcase classname="com.Intelivita.TestCases.TC_ContactUs_Positive002" name="AddEmailIdTest" time="0.081"/>
  <system-out/>
  <testcase classname="com.Intelivita.TestCases.TC_ContactUs_Positive002" name="AddPhoneNumberTest" time="0.085"/>
  <system-out/>
  <testcase classname="com.Intelivita.TestCases.TC_ContactUs_Positive002" name="SelectServiceTest" time="0.100"/>
  <system-out/>
  <testcase classname="com.Intelivita.TestCases.TC_ContactUs_Positive002" name="SendProjectDetailsTest" time="0.125"/>
  <system-out/>
  <testcase classname="com.Intelivita.TestCases.TC_ContactUs_Positive002" name="AttachFileTest" time="0.024"/>
  <system-out/>
  <testcase classname="com.Intelivita.TestCases.TC_ContactUs_Positive002" name="SubmitButtonTest" time="2.014"/>
  <system-out/>
</testsuite> <!-- com.Intelivita.TestCases.TC_ContactUs_Positive002 -->
