<?xml version="1.0" encoding="UTF-8"?>
<!-- Generated by org.testng.reporters.JUnitReportReporter -->
<testsuite hostname="Laptop-372" failures="0" tests="7" name="com.Oxitec.TestCases.TC_LoginPage_Positive1" time="82.658" errors="0" timestamp="2024-10-25T13:48:10 IST" skipped="0">
  <testcase classname="com.Oxitec.TestCases.TC_LoginPage_Positive1" name="ClickStartTest" time="21.249"/>
  <system-out/>
  <testcase classname="com.Oxitec.TestCases.TC_LoginPage_Positive1" name="ClickEvent" time="10.154"/>
  <system-out/>
  <testcase classname="com.Oxitec.TestCases.TC_LoginPage_Positive1" name="ClickShoppingDis" time="10.188"/>
  <system-out/>
  <testcase classname="com.Oxitec.TestCases.TC_LoginPage_Positive1" name="ClickHotspots" time="10.180"/>
  <system-out/>
  <testcase classname="com.Oxitec.TestCases.TC_LoginPage_Positive1" name="ClickVisitASF" time="10.175"/>
  <system-out/>
  <testcase classname="com.Oxitec.TestCases.TC_LoginPage_Positive1" name="Clickaboutus" time="10.167"/>
  <system-out/>
  <testcase classname="com.Oxitec.TestCases.TC_LoginPage_Positive1" name="ClickPrivacyNotice" time="10.545"/>
  <system-out/>
</testsuite> <!-- com.Oxitec.TestCases.TC_LoginPage_Positive1 -->
