<?xml version="1.0" encoding="UTF-8"?>
<!-- Generated by org.testng.reporters.JUnitReportReporter -->
<testsuite hostname="Reena" failures="0" tests="10" name="com.Rent.TestCases.TC_ContactUs_001" time="6.857" errors="0" timestamp="2023-02-01T18:16:38 IST" skipped="0">
  <testcase classname="com.Rent.TestCases.TC_ContactUs_001" name="scroll" time="0.011"/>
  <system-out/>
  <testcase classname="com.Rent.TestCases.TC_ContactUs_001" name="FillyournameTest" time="2.078"/>
  <system-out/>
  <testcase classname="com.Rent.TestCases.TC_ContactUs_001" name="emailid" time="0.098"/>
  <system-out/>
  <testcase classname="com.Rent.TestCases.TC_ContactUs_001" name="phonenumber" time="0.082"/>
  <system-out/>
  <testcase classname="com.Rent.TestCases.TC_ContactUs_001" name="select_services" time="2.162"/>
  <system-out/>
  <testcase classname="com.Rent.TestCases.TC_ContactUs_001" name="select_Region" time="2.139"/>
  <system-out/>
  <testcase classname="com.Rent.TestCases.TC_ContactUs_001" name="Estimated_Budget" time="0.164"/>
  <system-out/>
  <testcase classname="com.Rent.TestCases.TC_ContactUs_001" name="projectdetails" time="0.062"/>
  <system-out/>
  <testcase classname="com.Rent.TestCases.TC_ContactUs_001" name="attachedfile" time="0.060"/>
  <system-out/>
  <testcase classname="com.Rent.TestCases.TC_ContactUs_001" name="submitbutton" time="0.001"/>
  <system-out/>
</testsuite> <!-- com.Rent.TestCases.TC_ContactUs_001 -->
