<?xml version="1.0" encoding="UTF-8"?>
<!-- Generated by org.testng.reporters.JUnitReportReporter -->
<testsuite hostname="Reena" failures="0" tests="3" name="com.Rent.TestCases.TC_LoginTest_001" time="5.037" errors="0" timestamp="2022-12-14T17:56:59 IST" skipped="0">
  <testcase classname="com.Rent.TestCases.TC_LoginTest_001" name="SearchTest" time="0.101"/>
  <system-out/>
  <testcase classname="com.Rent.TestCases.TC_LoginTest_001" name="send" time="4.823"/>
  <system-out/>
  <testcase classname="com.Rent.TestCases.TC_LoginTest_001" name="check" time="0.113"/>
  <system-out/>
</testsuite> <!-- com.Rent.TestCases.TC_LoginTest_001 -->
