<?xml version="1.0" encoding="UTF-8"?>
<!-- Generated by org.testng.reporters.JUnitReportReporter -->
<testsuite hostname="Reena" failures="0" tests="1" name="Intelivita.Maven.taskTest" time="6.636" errors="0" timestamp="2022-12-09T13:35:32 IST" skipped="0">
  <testcase classname="Intelivita.Maven.taskTest" name="f" time="6.636"/>
  <system-out/>
</testsuite> <!-- Intelivita.Maven.taskTest -->
