<?xml version="1.0" encoding="UTF-8"?>
<!-- Generated by org.testng.reporters.JUnitReportReporter -->
<testsuite hostname="DESKTOP-59CAPPC" failures="0" tests="3" name="com.Oxitec.TestCases.TC_ContactPhp_Positive1" time="2.173" errors="0" timestamp="2023-04-26T14:15:16 IST" skipped="0">
  <testcase classname="com.Oxitec.TestCases.TC_ContactPhp_Positive1" name="EnterEmailTest" time="2.078"/>
  <system-out/>
  <testcase classname="com.Oxitec.TestCases.TC_ContactPhp_Positive1" name="EnterPasswordTest" time="0.054"/>
  <system-out/>
  <testcase classname="com.Oxitec.TestCases.TC_ContactPhp_Positive1" name="ClickEnterTest" time="0.041"/>
  <system-out/>
</testsuite> <!-- com.Oxitec.TestCases.TC_ContactPhp_Positive1 -->
