<?xml version="1.0" encoding="UTF-8"?>
<!-- Generated by org.testng.reporters.JUnitReportReporter -->
<testsuite hostname="Laptop-372" failures="0" tests="8" name="com.Amc.TestCases.TC_LoginPage_Positive1" time="96.277" errors="0" timestamp="2024-10-25T14:47:57 IST" skipped="0">
  <testcase classname="com.Amc.TestCases.TC_LoginPage_Positive1" name="ClickStartTest" time="21.343"/>
  <system-out/>
  <testcase classname="com.Amc.TestCases.TC_LoginPage_Positive1" name="ClickEvent" time="10.234"/>
  <system-out/>
  <testcase classname="com.Amc.TestCases.TC_LoginPage_Positive1" name="ClickShoppingDis" time="10.202"/>
  <system-out/>
  <testcase classname="com.Amc.TestCases.TC_LoginPage_Positive1" name="ClickHotspots" time="10.235"/>
  <system-out/>
  <testcase classname="com.Amc.TestCases.TC_LoginPage_Positive1" name="ClickVisitASF" time="10.240"/>
  <system-out/>
  <testcase classname="com.Amc.TestCases.TC_LoginPage_Positive1" name="Clickaboutus" time="10.211"/>
  <system-out/>
  <testcase classname="com.Amc.TestCases.TC_LoginPage_Positive1" name="ClickPrivacyNotice" time="10.251"/>
  <system-out/>
  <testcase classname="com.Amc.TestCases.TC_LoginPage_Positive1" name="Clicklogo" time="13.561"/>
  <system-out/>
</testsuite> <!-- com.Amc.TestCases.TC_LoginPage_Positive1 -->
