<?xml version="1.0" encoding="UTF-8"?>
<!-- Generated by org.testng.reporters.JUnitReportReporter -->
<testsuite hostname="DESKTOP-59CAPPC" failures="0" tests="14" name="com.Intelivita.TestCases.TC_ContactPhp_Positive1" time="5.939" errors="0" timestamp="2023-03-28T14:54:19 IST" skipped="0">
  <testcase classname="com.Intelivita.TestCases.TC_ContactPhp_Positive1" name="NavigatePageTest" time="1.494"/>
  <system-out/>
  <testcase classname="com.Intelivita.TestCases.TC_ContactPhp_Positive1" name="Scroll" time="0.011"/>
  <system-out/>
  <testcase classname="com.Intelivita.TestCases.TC_ContactPhp_Positive1" name="AddYourNameTest" time="1.093"/>
  <system-out/>
  <testcase classname="com.Intelivita.TestCases.TC_ContactPhp_Positive1" name="SelectCountryCodeTest" time="1.100"/>
  <system-out/>
  <testcase classname="com.Intelivita.TestCases.TC_ContactPhp_Positive1" name="AddContactNumberTest" time="0.079"/>
  <system-out/>
  <testcase classname="com.Intelivita.TestCases.TC_ContactPhp_Positive1" name="SelectYourBudgetTest" time="0.105"/>
  <system-out/>
  <testcase classname="com.Intelivita.TestCases.TC_ContactPhp_Positive1" name="SelectServiceTest" time="0.131"/>
  <system-out/>
  <testcase classname="com.Intelivita.TestCases.TC_ContactPhp_Positive1" name="AddEmailIdTest" time="0.125"/>
  <system-out/>
  <testcase classname="com.Intelivita.TestCases.TC_ContactPhp_Positive1" name="AddCompanyNameTest" time="0.072"/>
  <system-out/>
  <testcase classname="com.Intelivita.TestCases.TC_ContactPhp_Positive1" name="SelectYourRegionTest" time="0.107"/>
  <system-out/>
  <testcase classname="com.Intelivita.TestCases.TC_ContactPhp_Positive1" name="SelectYourReferenceTest" time="0.114"/>
  <system-out/>
  <testcase classname="com.Intelivita.TestCases.TC_ContactPhp_Positive1" name="AttachFileTest" time="0.036"/>
  <system-out/>
  <testcase classname="com.Intelivita.TestCases.TC_ContactPhp_Positive1" name="SendMessageTest" time="0.145"/>
  <system-out/>
  <testcase classname="com.Intelivita.TestCases.TC_ContactPhp_Positive1" name="ClickMessageButtonTest" time="1.327"/>
  <system-out/>
</testsuite> <!-- com.Intelivita.TestCases.TC_ContactPhp_Positive1 -->
