<?xml version="1.0" encoding="UTF-8"?>
<!-- Generated by org.testng.reporters.JUnitReportReporter -->
<testsuite hostname="Reena" failures="0" tests="8" name="com.Intelivita.TestCases.TC_ContactUs__NGTV_001" time="2.422" errors="0" timestamp="2023-03-03T15:58:44 IST" skipped="0">
  <testcase classname="com.Intelivita.TestCases.TC_ContactUs__NGTV_001" name="scroll" time="0.001"/>
  <system-out/>
  <testcase classname="com.Intelivita.TestCases.TC_ContactUs__NGTV_001" name="DeleteyournameTest" time="0.066"/>
  <system-out/>
  <testcase classname="com.Intelivita.TestCases.TC_ContactUs__NGTV_001" name="AddEmailIdTest" time="0.072"/>
  <system-out/>
  <testcase classname="com.Intelivita.TestCases.TC_ContactUs__NGTV_001" name="AddPhoneNumberTest" time="0.087"/>
  <system-out/>
  <testcase classname="com.Intelivita.TestCases.TC_ContactUs__NGTV_001" name="SelectServiceTest" time="0.078"/>
  <system-out/>
  <testcase classname="com.Intelivita.TestCases.TC_ContactUs__NGTV_001" name="SendProjectDetailsTest" time="0.081"/>
  <system-out/>
  <testcase classname="com.Intelivita.TestCases.TC_ContactUs__NGTV_001" name="AttachFileTest" time="0.018"/>
  <system-out/>
  <testcase classname="com.Intelivita.TestCases.TC_ContactUs__NGTV_001" name="SubmitButtonTest" time="2.019"/>
  <system-out/>
</testsuite> <!-- com.Intelivita.TestCases.TC_ContactUs__NGTV_001 -->
