<?xml version="1.0" encoding="UTF-8"?>
<!-- Generated by org.testng.reporters.JUnitReportReporter -->
<testsuite hostname="Reena" failures="0" tests="10" name="com.Intelivita.TestCases.TC_Home_ContactUs__NGTV_003" time="9.184" errors="0" timestamp="2023-03-03T15:58:44 IST" skipped="0">
  <testcase classname="com.Intelivita.TestCases.TC_Home_ContactUs__NGTV_003" name="Scroll" time="0.001"/>
  <system-out/>
  <testcase classname="com.Intelivita.TestCases.TC_Home_ContactUs__NGTV_003" name="AddYourNameTest" time="0.066"/>
  <system-out/>
  <testcase classname="com.Intelivita.TestCases.TC_Home_ContactUs__NGTV_003" name="AddEmailIdTest" time="0.095"/>
  <system-out/>
  <testcase classname="com.Intelivita.TestCases.TC_Home_ContactUs__NGTV_003" name="DeletePhoneNumberTest" time="0.117"/>
  <system-out/>
  <testcase classname="com.Intelivita.TestCases.TC_Home_ContactUs__NGTV_003" name="SelectServiceTest" time="2.118"/>
  <system-out/>
  <testcase classname="com.Intelivita.TestCases.TC_Home_ContactUs__NGTV_003" name="SelectRegionTest" time="2.112"/>
  <system-out/>
  <testcase classname="com.Intelivita.TestCases.TC_Home_ContactUs__NGTV_003" name="SelectEstimatedBudgetTest" time="0.168"/>
  <system-out/>
  <testcase classname="com.Intelivita.TestCases.TC_Home_ContactUs__NGTV_003" name="SendProjectDetailsTest" time="0.088"/>
  <system-out/>
  <testcase classname="com.Intelivita.TestCases.TC_Home_ContactUs__NGTV_003" name="AttachFileTest" time="0.030"/>
  <system-out/>
  <testcase classname="com.Intelivita.TestCases.TC_Home_ContactUs__NGTV_003" name="SubmitButtonTest" time="4.389"/>
  <system-out/>
</testsuite> <!-- com.Intelivita.TestCases.TC_Home_ContactUs__NGTV_003 -->
