<?xml version="1.0" encoding="UTF-8"?>
<!-- Generated by org.testng.reporters.JUnitReportReporter -->
<testsuite hostname="Reena" failures="0" tests="10" name="com.Intelivita.TestCases.TC_Home_ContactUs__NGTV_002" time="8.560" errors="0" timestamp="2023-03-03T15:58:44 IST" skipped="0">
  <testcase classname="com.Intelivita.TestCases.TC_Home_ContactUs__NGTV_002" name="Scroll" time="0.001"/>
  <system-out/>
  <testcase classname="com.Intelivita.TestCases.TC_Home_ContactUs__NGTV_002" name="AddYourNameTest" time="0.108"/>
  <system-out/>
  <testcase classname="com.Intelivita.TestCases.TC_Home_ContactUs__NGTV_002" name="DeleteEmailIdTest" time="0.068"/>
  <system-out/>
  <testcase classname="com.Intelivita.TestCases.TC_Home_ContactUs__NGTV_002" name="AddPhoneNumberTest" time="0.102"/>
  <system-out/>
  <testcase classname="com.Intelivita.TestCases.TC_Home_ContactUs__NGTV_002" name="SelectServiceTest" time="0.153"/>
  <system-out/>
  <testcase classname="com.Intelivita.TestCases.TC_Home_ContactUs__NGTV_002" name="SelectRegionTest" time="2.116"/>
  <system-out/>
  <testcase classname="com.Intelivita.TestCases.TC_Home_ContactUs__NGTV_002" name="SelectEstimatedBudgetTest" time="0.130"/>
  <system-out/>
  <testcase classname="com.Intelivita.TestCases.TC_Home_ContactUs__NGTV_002" name="SendProjectDetailsTest" time="0.119"/>
  <system-out/>
  <testcase classname="com.Intelivita.TestCases.TC_Home_ContactUs__NGTV_002" name="AttachFileTest" time="0.034"/>
  <system-out/>
  <testcase classname="com.Intelivita.TestCases.TC_Home_ContactUs__NGTV_002" name="SubmitButtonTest" time="5.729"/>
  <system-out/>
</testsuite> <!-- com.Intelivita.TestCases.TC_Home_ContactUs__NGTV_002 -->
