<?xml version="1.0" encoding="UTF-8"?>
<!-- Generated by org.testng.reporters.JUnitReportReporter -->
<testsuite hostname="DESKTOP-59CAPPC" failures="0" tests="12" name="com.Intelivita.TestCases.TC_Home_ContactUs_NGTV001" time="2.175" errors="0" timestamp="2023-03-28T14:54:19 IST" skipped="0">
  <testcase classname="com.Intelivita.TestCases.TC_Home_ContactUs_NGTV001" name="Scroll" time="0.008"/>
  <system-out/>
  <testcase classname="com.Intelivita.TestCases.TC_Home_ContactUs_NGTV001" name="AddYourNameTest" time="0.127"/>
  <system-out/>
  <testcase classname="com.Intelivita.TestCases.TC_Home_ContactUs_NGTV001" name="SelectCountryCodeTest" time="0.164"/>
  <system-out/>
  <testcase classname="com.Intelivita.TestCases.TC_Home_ContactUs_NGTV001" name="AddContactNumberTest" time="0.092"/>
  <system-out/>
  <testcase classname="com.Intelivita.TestCases.TC_Home_ContactUs_NGTV001" name="SelectYourBudgetTest" time="0.116"/>
  <system-out/>
  <testcase classname="com.Intelivita.TestCases.TC_Home_ContactUs_NGTV001" name="SelectServiceTest" time="0.117"/>
  <system-out/>
  <testcase classname="com.Intelivita.TestCases.TC_Home_ContactUs_NGTV001" name="AddEmailIdTest" time="0.106"/>
  <system-out/>
  <testcase classname="com.Intelivita.TestCases.TC_Home_ContactUs_NGTV001" name="AddCompanyNameTest" time="0.084"/>
  <system-out/>
  <testcase classname="com.Intelivita.TestCases.TC_Home_ContactUs_NGTV001" name="SelectYourRegionTest" time="0.108"/>
  <system-out/>
  <testcase classname="com.Intelivita.TestCases.TC_Home_ContactUs_NGTV001" name="SelectYourReferenceTest" time="0.119"/>
  <system-out/>
  <testcase classname="com.Intelivita.TestCases.TC_Home_ContactUs_NGTV001" name="SendMessageTest" time="0.109"/>
  <system-out/>
  <testcase classname="com.Intelivita.TestCases.TC_Home_ContactUs_NGTV001" name="ClickMessageButtonTest" time="1.025"/>
  <system-out/>
</testsuite> <!-- com.Intelivita.TestCases.TC_Home_ContactUs_NGTV001 -->
