<?xml version="1.0" encoding="UTF-8"?>
<!-- Generated by org.testng.reporters.JUnitReportReporter -->
<testsuite hostname="Reena" failures="0" tests="8" name="com.Intelivita.TestCases.TC_ContactUs__NGTV_004" time="3.527" errors="0" timestamp="2023-03-03T15:58:44 IST" skipped="0">
  <testcase classname="com.Intelivita.TestCases.TC_ContactUs__NGTV_004" name="scroll" time="0.002"/>
  <system-out/>
  <testcase classname="com.Intelivita.TestCases.TC_ContactUs__NGTV_004" name="AddYourNameTest" time="0.091"/>
  <system-out/>
  <testcase classname="com.Intelivita.TestCases.TC_ContactUs__NGTV_004" name="AddEmailIdTest" time="0.075"/>
  <system-out/>
  <testcase classname="com.Intelivita.TestCases.TC_ContactUs__NGTV_004" name="AddPhoneNumberTest" time="0.074"/>
  <system-out/>
  <testcase classname="com.Intelivita.TestCases.TC_ContactUs__NGTV_004" name="SelectServiceTest" time="0.100"/>
  <system-out/>
  <testcase classname="com.Intelivita.TestCases.TC_ContactUs__NGTV_004" name="DeleteProjectDetails" time="0.070"/>
  <system-out/>
  <testcase classname="com.Intelivita.TestCases.TC_ContactUs__NGTV_004" name="AttachFileTest" time="0.017"/>
  <system-out/>
  <testcase classname="com.Intelivita.TestCases.TC_ContactUs__NGTV_004" name="SubmitButtonTest" time="3.098"/>
  <system-out/>
</testsuite> <!-- com.Intelivita.TestCases.TC_ContactUs__NGTV_004 -->
