<?xml version="1.0" encoding="UTF-8"?>
<!-- Generated by org.testng.reporters.JUnitReportReporter -->
<testsuite hostname="Laptop-372" failures="0" tests="6" name="com.Amc.TestCases.TC_About_Us_Positive1" time="47.702" errors="0" timestamp="2024-11-06T17:18:56 IST" skipped="0">
  <testcase classname="com.Amc.TestCases.TC_About_Us_Positive1" name="ClickStartTest" time="6.231"/>
  <system-out/>
  <testcase classname="com.Amc.TestCases.TC_About_Us_Positive1" name="ClickPopup" time="5.122"/>
  <system-out/>
  <testcase classname="com.Amc.TestCases.TC_About_Us_Positive1" name="ClickAbout_us" time="8.677"/>
  <system-out/>
  <testcase classname="com.Amc.TestCases.TC_About_Us_Positive1" name="ClickPlay" time="3.128"/>
  <system-out/>
  <testcase classname="com.Amc.TestCases.TC_About_Us_Positive1" name="ClickPlayvideo" time="3.085"/>
  <system-out/>
  <testcase classname="com.Amc.TestCases.TC_About_Us_Positive1" name="ClickVideoclose" time="21.459"/>
  <system-out/>
</testsuite> <!-- com.Amc.TestCases.TC_About_Us_Positive1 -->
