<?xml version="1.0" encoding="UTF-8"?>
<!-- Generated by org.testng.reporters.JUnitReportReporter -->
<testsuite hostname="DESKTOP-FGUV4HO" failures="0" tests="6" name="com.Oxitec.TestCases.TC_Projects_Positive1" time="32.020" errors="0" timestamp="2023-05-17T13:25:00 IST" skipped="0">
  <testcase classname="com.Oxitec.TestCases.TC_Projects_Positive1" name="ClickprojectsTest" time="8.102"/>
  <system-out/>
  <testcase classname="com.Oxitec.TestCases.TC_Projects_Positive1" name="ClickusermanagementTest" time="3.326"/>
  <system-out/>
  <testcase classname="com.Oxitec.TestCases.TC_Projects_Positive1" name="ClickproductmanagementTest" time="3.100"/>
  <system-out/>
  <testcase classname="com.Oxitec.TestCases.TC_Projects_Positive1" name="ClickbrandlinkTest" time="11.345"/>
  <system-out/>
  <testcase classname="com.Oxitec.TestCases.TC_Projects_Positive1" name="ClickswitchproductTest" time="3.087"/>
  <system-out/>
  <testcase classname="com.Oxitec.TestCases.TC_Projects_Positive1" name="ClickswitchproductbrandTest" time="3.060"/>
  <system-out/>
</testsuite> <!-- com.Oxitec.TestCases.TC_Projects_Positive1 -->
