<?xml version="1.0" encoding="UTF-8"?>
<!-- Generated by org.testng.reporters.JUnitReportReporter -->
<testsuite hostname="Reena" failures="0" tests="8" name="com.Intelivita.TestCases.TC_ContactUs__NGTV_005" time="2.493" errors="0" timestamp="2023-03-03T15:58:44 IST" skipped="0">
  <testcase classname="com.Intelivita.TestCases.TC_ContactUs__NGTV_005" name="scroll" time="0.001"/>
  <system-out/>
  <testcase classname="com.Intelivita.TestCases.TC_ContactUs__NGTV_005" name="AddYourNameTest" time="0.084"/>
  <system-out/>
  <testcase classname="com.Intelivita.TestCases.TC_ContactUs__NGTV_005" name="AddEmailIdTest" time="0.102"/>
  <system-out/>
  <testcase classname="com.Intelivita.TestCases.TC_ContactUs__NGTV_005" name="AddPhoneNumberTest" time="0.126"/>
  <system-out/>
  <testcase classname="com.Intelivita.TestCases.TC_ContactUs__NGTV_005" name="DeselectSelectServicesTest" time="0.002"/>
  <system-out/>
  <testcase classname="com.Intelivita.TestCases.TC_ContactUs__NGTV_005" name="SendProjectDetailsTest" time="0.090"/>
  <system-out/>
  <testcase classname="com.Intelivita.TestCases.TC_ContactUs__NGTV_005" name="AttachFileTest" time="0.071"/>
  <system-out/>
  <testcase classname="com.Intelivita.TestCases.TC_ContactUs__NGTV_005" name="SubmitButtonTest" time="2.017"/>
  <system-out/>
</testsuite> <!-- com.Intelivita.TestCases.TC_ContactUs__NGTV_005 -->
