<?xml version="1.0" encoding="UTF-8"?>
<!-- Generated by org.testng.reporters.JUnitReportReporter -->
<testsuite hostname="Reena" failures="0" tests="8" name="com.Intelivita.TestCases.TC_ContactUs__NGTV_003" time="2.384" errors="0" timestamp="2023-03-03T15:58:44 IST" skipped="0">
  <testcase classname="com.Intelivita.TestCases.TC_ContactUs__NGTV_003" name="scroll" time="0.001"/>
  <system-out/>
  <testcase classname="com.Intelivita.TestCases.TC_ContactUs__NGTV_003" name="AddYourNameTest" time="0.076"/>
  <system-out/>
  <testcase classname="com.Intelivita.TestCases.TC_ContactUs__NGTV_003" name="AddEmailIdTest" time="0.054"/>
  <system-out/>
  <testcase classname="com.Intelivita.TestCases.TC_ContactUs__NGTV_003" name="DeletePhoneNumberTest" time="0.045"/>
  <system-out/>
  <testcase classname="com.Intelivita.TestCases.TC_ContactUs__NGTV_003" name="SelectServiceTest" time="0.101"/>
  <system-out/>
  <testcase classname="com.Intelivita.TestCases.TC_ContactUs__NGTV_003" name="SendProjectDetailsTest" time="0.076"/>
  <system-out/>
  <testcase classname="com.Intelivita.TestCases.TC_ContactUs__NGTV_003" name="AttachFileTest" time="0.020"/>
  <system-out/>
  <testcase classname="com.Intelivita.TestCases.TC_ContactUs__NGTV_003" name="SubmitButtonTest" time="2.011"/>
  <system-out/>
</testsuite> <!-- com.Intelivita.TestCases.TC_ContactUs__NGTV_003 -->
