<?xml version="1.0" encoding="UTF-8"?>
<!-- Generated by org.testng.reporters.JUnitReportReporter -->
<testsuite hostname="DESKTOP-59CAPPC" failures="0" tests="12" name="com.Intelivita.TestCases.TC_Home_ContactUs_Positive002" time="2.247" errors="0" timestamp="2023-03-28T14:54:19 IST" skipped="0">
  <testcase classname="com.Intelivita.TestCases.TC_Home_ContactUs_Positive002" name="Scroll" time="0.001"/>
  <system-out/>
  <testcase classname="com.Intelivita.TestCases.TC_Home_ContactUs_Positive002" name="AddYourNameTest" time="0.121"/>
  <system-out/>
  <testcase classname="com.Intelivita.TestCases.TC_Home_ContactUs_Positive002" name="SelectCountryCodeTest" time="0.001"/>
  <system-out/>
  <testcase classname="com.Intelivita.TestCases.TC_Home_ContactUs_Positive002" name="AddContactNumberTest" time="0.119"/>
  <system-out/>
  <testcase classname="com.Intelivita.TestCases.TC_Home_ContactUs_Positive002" name="SelectYourBudgetTest" time="0.120"/>
  <system-out/>
  <testcase classname="com.Intelivita.TestCases.TC_Home_ContactUs_Positive002" name="SelectServiceTest" time="0.121"/>
  <system-out/>
  <testcase classname="com.Intelivita.TestCases.TC_Home_ContactUs_Positive002" name="AddEmailIdTest" time="0.137"/>
  <system-out/>
  <testcase classname="com.Intelivita.TestCases.TC_Home_ContactUs_Positive002" name="AddCompanyNameTest" time="0.077"/>
  <system-out/>
  <testcase classname="com.Intelivita.TestCases.TC_Home_ContactUs_Positive002" name="SelectYourRegionTest" time="0.105"/>
  <system-out/>
  <testcase classname="com.Intelivita.TestCases.TC_Home_ContactUs_Positive002" name="SelectYourReferenceTest" time="0.110"/>
  <system-out/>
  <testcase classname="com.Intelivita.TestCases.TC_Home_ContactUs_Positive002" name="SendMessageTest" time="0.095"/>
  <system-out/>
  <testcase classname="com.Intelivita.TestCases.TC_Home_ContactUs_Positive002" name="ClickMessageButtonTest" time="1.240"/>
  <system-out/>
</testsuite> <!-- com.Intelivita.TestCases.TC_Home_ContactUs_Positive002 -->
