<?xml version="1.0" encoding="UTF-8"?>
<!-- Generated by org.testng.reporters.JUnitReportReporter -->
<testsuite hostname="DESKTOP-59CAPPC" failures="0" tests="13" name="com.Intelivita.TestCases.TC_ContactPhp_Positive2" time="13.222" errors="0" timestamp="2023-03-28T14:54:19 IST" skipped="0">
  <testcase classname="com.Intelivita.TestCases.TC_ContactPhp_Positive2" name="Scroll" time="0.002"/>
  <system-out/>
  <testcase classname="com.Intelivita.TestCases.TC_ContactPhp_Positive2" name="AddYourNameTest" time="2.080"/>
  <system-out/>
  <testcase classname="com.Intelivita.TestCases.TC_ContactPhp_Positive2" name="SelectCountryCodeTest" time="2.108"/>
  <system-out/>
  <testcase classname="com.Intelivita.TestCases.TC_ContactPhp_Positive2" name="AddContactNumberTest" time="2.091"/>
  <system-out/>
  <testcase classname="com.Intelivita.TestCases.TC_ContactPhp_Positive2" name="SelectYourBudgetTest" time="0.097"/>
  <system-out/>
  <testcase classname="com.Intelivita.TestCases.TC_ContactPhp_Positive2" name="SelectServiceTest" time="0.103"/>
  <system-out/>
  <testcase classname="com.Intelivita.TestCases.TC_ContactPhp_Positive2" name="AddEmailIdTest" time="0.114"/>
  <system-out/>
  <testcase classname="com.Intelivita.TestCases.TC_ContactPhp_Positive2" name="AddCompanyNameTest" time="0.070"/>
  <system-out/>
  <testcase classname="com.Intelivita.TestCases.TC_ContactPhp_Positive2" name="SelectYourRegionTest" time="0.095"/>
  <system-out/>
  <testcase classname="com.Intelivita.TestCases.TC_ContactPhp_Positive2" name="SelectYourReferenceTest" time="0.103"/>
  <system-out/>
  <testcase classname="com.Intelivita.TestCases.TC_ContactPhp_Positive2" name="AttachFileTest" time="0.030"/>
  <system-out/>
  <testcase classname="com.Intelivita.TestCases.TC_ContactPhp_Positive2" name="SendMessageTest" time="0.090"/>
  <system-out/>
  <testcase classname="com.Intelivita.TestCases.TC_ContactPhp_Positive2" name="ClickMessageButtonTest" time="6.239"/>
  <system-out/>
</testsuite> <!-- com.Intelivita.TestCases.TC_ContactPhp_Positive2 -->
