<?xml version="1.0" encoding="UTF-8"?>
<!-- Generated by org.testng.reporters.JUnitReportReporter -->
<testsuite hostname="Reena" failures="0" tests="10" name="com.Intelivita.TestCases.TC_Home_ContactUs__NGTV_005" time="6.728" errors="0" timestamp="2023-03-03T15:58:44 IST" skipped="0">
  <testcase classname="com.Intelivita.TestCases.TC_Home_ContactUs__NGTV_005" name="Scroll" time="0.001"/>
  <system-out/>
  <testcase classname="com.Intelivita.TestCases.TC_Home_ContactUs__NGTV_005" name="AddYourNameTest" time="0.113"/>
  <system-out/>
  <testcase classname="com.Intelivita.TestCases.TC_Home_ContactUs__NGTV_005" name="AddEmailIdTest" time="0.088"/>
  <system-out/>
  <testcase classname="com.Intelivita.TestCases.TC_Home_ContactUs__NGTV_005" name="AddPhoneNumberTest" time="0.103"/>
  <system-out/>
  <testcase classname="com.Intelivita.TestCases.TC_Home_ContactUs__NGTV_005" name="SelectServiceTest" time="2.155"/>
  <system-out/>
  <testcase classname="com.Intelivita.TestCases.TC_Home_ContactUs__NGTV_005" name="DeSelectRegionTest" time="2.009"/>
  <system-out/>
  <testcase classname="com.Intelivita.TestCases.TC_Home_ContactUs__NGTV_005" name="SelectEstimatedBudgetTest" time="0.106"/>
  <system-out/>
  <testcase classname="com.Intelivita.TestCases.TC_Home_ContactUs__NGTV_005" name="SendProjectDetailsTest" time="0.105"/>
  <system-out/>
  <testcase classname="com.Intelivita.TestCases.TC_Home_ContactUs__NGTV_005" name="AttachFileTest" time="0.030"/>
  <system-out/>
  <testcase classname="com.Intelivita.TestCases.TC_Home_ContactUs__NGTV_005" name="SubmitButtonTest" time="2.018"/>
  <system-out/>
</testsuite> <!-- com.Intelivita.TestCases.TC_Home_ContactUs__NGTV_005 -->
