<?xml version="1.0" encoding="UTF-8"?>
<!-- Generated by org.testng.reporters.JUnitReportReporter -->
<testsuite hostname="Reena" failures="0" tests="10" name="com.Intelivita.TestCases.TC_Home_ContactUs__NGTV_001" time="8.650" errors="0" timestamp="2023-03-03T15:58:44 IST" skipped="0">
  <testcase classname="com.Intelivita.TestCases.TC_Home_ContactUs__NGTV_001" name="Scroll" time="0.002"/>
  <system-out/>
  <testcase classname="com.Intelivita.TestCases.TC_Home_ContactUs__NGTV_001" name="DeleteYourNameTest" time="0.183"/>
  <system-out/>
  <testcase classname="com.Intelivita.TestCases.TC_Home_ContactUs__NGTV_001" name="AddEmailIdTest" time="0.099"/>
  <system-out/>
  <testcase classname="com.Intelivita.TestCases.TC_Home_ContactUs__NGTV_001" name="AddPhoneNumberTest" time="0.070"/>
  <system-out/>
  <testcase classname="com.Intelivita.TestCases.TC_Home_ContactUs__NGTV_001" name="SelectServiceTest" time="0.201"/>
  <system-out/>
  <testcase classname="com.Intelivita.TestCases.TC_Home_ContactUs__NGTV_001" name="SelectRegionTest" time="2.151"/>
  <system-out/>
  <testcase classname="com.Intelivita.TestCases.TC_Home_ContactUs__NGTV_001" name="SelectEstimatedBudgetTest" time="2.124"/>
  <system-out/>
  <testcase classname="com.Intelivita.TestCases.TC_Home_ContactUs__NGTV_001" name="SendProjectDetailsTest" time="0.130"/>
  <system-out/>
  <testcase classname="com.Intelivita.TestCases.TC_Home_ContactUs__NGTV_001" name="AttachFileTest" time="0.033"/>
  <system-out/>
  <testcase classname="com.Intelivita.TestCases.TC_Home_ContactUs__NGTV_001" name="SubmitButtonTest" time="3.657"/>
  <system-out/>
</testsuite> <!-- com.Intelivita.TestCases.TC_Home_ContactUs__NGTV_001 -->
