<?xml version="1.0" encoding="UTF-8"?>
<!-- Generated by org.testng.reporters.JUnitReportReporter -->
<testsuite hostname="Reena" failures="0" tests="7" name="com.Rent.TestCases.TC_ContactUs_002" time="2.501" errors="0" timestamp="2023-01-27T16:40:12 IST" skipped="0">
  <testcase classname="com.Rent.TestCases.TC_ContactUs_002" name="FillyournameTest" time="0.062"/>
  <system-out/>
  <testcase classname="com.Rent.TestCases.TC_ContactUs_002" name="emailid" time="0.080"/>
  <system-out/>
  <testcase classname="com.Rent.TestCases.TC_ContactUs_002" name="phonenumber" time="0.052"/>
  <system-out/>
  <testcase classname="com.Rent.TestCases.TC_ContactUs_002" name="select_services" time="0.137"/>
  <system-out/>
  <testcase classname="com.Rent.TestCases.TC_ContactUs_002" name="projectdetails" time="0.102"/>
  <system-out/>
  <testcase classname="com.Rent.TestCases.TC_ContactUs_002" name="attachedfile" time="0.061"/>
  <system-out/>
  <testcase classname="com.Rent.TestCases.TC_ContactUs_002" name="submitbutton" time="2.007"/>
  <system-out/>
</testsuite> <!-- com.Rent.TestCases.TC_ContactUs_002 -->
