<?xml version="1.0" encoding="UTF-8"?>
<!-- Generated by org.testng.reporters.JUnitReportReporter -->
<testsuite hostname="Reena" failures="0" tests="10" name="com.Intelivita.TestCases.TC_Home_ContactUs_Positive003" time="2.745" errors="0" timestamp="2023-03-03T11:58:35 IST" skipped="0">
  <testcase classname="com.Intelivita.TestCases.TC_Home_ContactUs_Positive003" name="scroll" time="0.003"/>
  <system-out/>
  <testcase classname="com.Intelivita.TestCases.TC_Home_ContactUs_Positive003" name="FillyournameTest" time="0.069"/>
  <system-out/>
  <testcase classname="com.Intelivita.TestCases.TC_Home_ContactUs_Positive003" name="emailid" time="0.105"/>
  <system-out/>
  <testcase classname="com.Intelivita.TestCases.TC_Home_ContactUs_Positive003" name="phonenumber" time="0.064"/>
  <system-out/>
  <testcase classname="com.Intelivita.TestCases.TC_Home_ContactUs_Positive003" name="select_services" time="0.135"/>
  <system-out/>
  <testcase classname="com.Intelivita.TestCases.TC_Home_ContactUs_Positive003" name="projectdetails" time="0.079"/>
  <system-out/>
  <testcase classname="com.Intelivita.TestCases.TC_Home_ContactUs_Positive003" name="select_Region" time="2.127"/>
  <system-out/>
  <testcase classname="com.Intelivita.TestCases.TC_Home_ContactUs_Positive003" name="attachedfile" time="0.024"/>
  <system-out/>
  <testcase classname="com.Intelivita.TestCases.TC_Home_ContactUs_Positive003" name="Estimated_Budget" time="0.130"/>
  <system-out/>
  <testcase classname="com.Intelivita.TestCases.TC_Home_ContactUs_Positive003" name="submitbutton" time="0.009"/>
  <system-out/>
</testsuite> <!-- com.Intelivita.TestCases.TC_Home_ContactUs_Positive003 -->
