<?xml version="1.0" encoding="UTF-8"?>
<!-- Generated by org.testng.reporters.JUnitReportReporter -->
<testsuite hostname="Reena" failures="0" tests="8" name="com.Intelivita.TestCases.TC_ContactUs__NGTV_002" time="2.384" errors="0" timestamp="2023-03-03T15:58:44 IST" skipped="0">
  <testcase classname="com.Intelivita.TestCases.TC_ContactUs__NGTV_002" name="scroll" time="0.002"/>
  <system-out/>
  <testcase classname="com.Intelivita.TestCases.TC_ContactUs__NGTV_002" name="AddYourNameTest" time="0.064"/>
  <system-out/>
  <testcase classname="com.Intelivita.TestCases.TC_ContactUs__NGTV_002" name="DeleteEmailIdTest" time="0.051"/>
  <system-out/>
  <testcase classname="com.Intelivita.TestCases.TC_ContactUs__NGTV_002" name="AddPhoneNumberTest" time="0.052"/>
  <system-out/>
  <testcase classname="com.Intelivita.TestCases.TC_ContactUs__NGTV_002" name="SelectServiceTest" time="0.103"/>
  <system-out/>
  <testcase classname="com.Intelivita.TestCases.TC_ContactUs__NGTV_002" name="SendProjectDetailsTest" time="0.074"/>
  <system-out/>
  <testcase classname="com.Intelivita.TestCases.TC_ContactUs__NGTV_002" name="AttachFileTest" time="0.017"/>
  <system-out/>
  <testcase classname="com.Intelivita.TestCases.TC_ContactUs__NGTV_002" name="SubmitButtonTest" time="2.021"/>
  <system-out/>
</testsuite> <!-- com.Intelivita.TestCases.TC_ContactUs__NGTV_002 -->
