<?xml version="1.0" encoding="UTF-8"?>
<!-- Generated by org.testng.reporters.JUnitReportReporter -->
<testsuite hostname="DESKTOP-59CAPPC" failures="0" tests="12" name="com.Intelivita.TestCases.TC_Home_ContactUs_Positive001" time="4.788" errors="0" timestamp="2023-03-28T14:54:19 IST" skipped="0">
  <testcase classname="com.Intelivita.TestCases.TC_Home_ContactUs_Positive001" name="Scroll" time="0.010"/>
  <system-out/>
  <testcase classname="com.Intelivita.TestCases.TC_Home_ContactUs_Positive001" name="AddYourNameTest" time="2.114"/>
  <system-out/>
  <testcase classname="com.Intelivita.TestCases.TC_Home_ContactUs_Positive001" name="SelectCountryCodeTest" time="0.186"/>
  <system-out/>
  <testcase classname="com.Intelivita.TestCases.TC_Home_ContactUs_Positive001" name="AddContactNumberTest" time="0.114"/>
  <system-out/>
  <testcase classname="com.Intelivita.TestCases.TC_Home_ContactUs_Positive001" name="SelectYourBudgetTest" time="0.129"/>
  <system-out/>
  <testcase classname="com.Intelivita.TestCases.TC_Home_ContactUs_Positive001" name="SelectServiceTest" time="0.121"/>
  <system-out/>
  <testcase classname="com.Intelivita.TestCases.TC_Home_ContactUs_Positive001" name="AddEmailIdTest" time="0.145"/>
  <system-out/>
  <testcase classname="com.Intelivita.TestCases.TC_Home_ContactUs_Positive001" name="AddCompanyNameTest" time="0.307"/>
  <system-out/>
  <testcase classname="com.Intelivita.TestCases.TC_Home_ContactUs_Positive001" name="SelectYourRegionTest" time="0.111"/>
  <system-out/>
  <testcase classname="com.Intelivita.TestCases.TC_Home_ContactUs_Positive001" name="SelectYourReferenceTest" time="0.126"/>
  <system-out/>
  <testcase classname="com.Intelivita.TestCases.TC_Home_ContactUs_Positive001" name="SendMessageTest" time="0.152"/>
  <system-out/>
  <testcase classname="com.Intelivita.TestCases.TC_Home_ContactUs_Positive001" name="ClickMessageButtonTest" time="1.273"/>
  <system-out/>
</testsuite> <!-- com.Intelivita.TestCases.TC_Home_ContactUs_Positive001 -->
